# JRE version: Java(TM) SE Runtime Environment (7.0_80-b15) (build 1.7.0_80-b15)
# Java VM: Java HotSpot(TM) 64-Bit Server VM (24.80-b11 mixed mode windows-amd64 compressed oops)
Heap
 def new generation   total 18752K, used 9321K [0x00000000bde00000, 0x00000000bf250000, 0x00000000d2350000)
  eden space 16704K,  43% used [0x00000000bde00000, 0x00000000be51a530, 0x00000000bee50000)
  from space 2048K, 100% used [0x00000000bee50000, 0x00000000bf050000, 0x00000000bf050000)
  to   space 2048K,   0% used [0x00000000bf050000, 0x00000000bf050000, 0x00000000bf250000)
 tenured generation   total 41600K, used 16023K [0x00000000d2350000, 0x00000000d4bf0000, 0x00000000fae00000)
   the space 41600K,  38% used [0x00000000d2350000, 0x00000000d32f5ce0, 0x00000000d32f5e00, 0x00000000d4bf0000)
 compacting perm gen  total 21248K, used 16672K [0x00000000fae00000, 0x00000000fc2c0000, 0x0000000100000000)
   the space 21248K,  78% used [0x00000000fae00000, 0x00000000fbe48078, 0x00000000fbe48200, 0x00000000fc2c0000)
GC Heap History (8 events):
Event: 2.619 GC heap before
{Heap before GC invocations=0 (full 0):
 def new generation   total 18752K, used 16704K [0x00000000bde00000, 0x00000000bf250000, 0x00000000d2350000)
  eden space 16704K, 100% used [0x00000000bde00000, 0x00000000bee50000, 0x00000000bee50000)
  from space 2048K,   0% used [0x00000000bee50000, 0x00000000bee50000, 0x00000000bf050000)
  to   space 2048K,   0% used [0x00000000bf050000, 0x00000000bf050000, 0x00000000bf250000)
 tenured generation   total 41600K, used 0K [0x00000000d2350000, 0x00000000d4bf0000, 0x00000000fae00000)
   the space 41600K,   0% used [0x00000000d2350000, 0x00000000d2350000, 0x00000000d2350200, 0x00000000d4bf0000)
 compacting perm gen  total 21248K, used 10303K [0x00000000fae00000, 0x00000000fc2c0000, 0x0000000100000000)
   the space 21248K,  48% used [0x00000000fae00000, 0x00000000fb80fd58, 0x00000000fb80fe00, 0x00000000fc2c0000)
No shared spaces configured.
Event: 2.632 GC heap after
Heap after GC invocations=1 (full 0):
 def new generation   total 18752K, used 2047K [0x00000000bde00000, 0x00000000bf250000, 0x00000000d2350000)
  eden space 16704K,   0% used [0x00000000bde00000, 0x00000000bde00000, 0x00000000bee50000)
  from space 2048K,  99% used [0x00000000bf050000, 0x00000000bf24fff8, 0x00000000bf250000)
  to   space 2048K,   0% used [0x00000000bee50000, 0x00000000bee50000, 0x00000000bf050000)
 tenured generation   total 41600K, used 2419K [0x00000000d2350000, 0x00000000d4bf0000, 0x00000000fae00000)
   the space 41600K,   5% used [0x00000000d2350000, 0x00000000d25accb8, 0x00000000d25ace00, 0x00000000d4bf0000)
 compacting perm gen  total 21248K, used 10303K [0x00000000fae00000, 0x00000000fc2c0000, 0x0000000100000000)
   the space 21248K,  48% used [0x00000000fae00000, 0x00000000fb80fd58, 0x00000000fb80fe00, 0x00000000fc2c0000)
No shared spaces configured.
}
Event: 4.761 GC heap before
{Heap before GC invocations=1 (full 0):
 def new generation   total 18752K, used 18751K [0x00000000bde00000, 0x00000000bf250000, 0x00000000d2350000)
  eden space 16704K, 100% used [0x00000000bde00000, 0x00000000bee50000, 0x00000000bee50000)
  from space 2048K,  99% used [0x00000000bf050000, 0x00000000bf24fff8, 0x00000000bf250000)
  to   space 2048K,   0% used [0x00000000bee50000, 0x00000000bee50000, 0x00000000bf050000)
 tenured generation   total 41600K, used 2419K [0x00000000d2350000, 0x00000000d4bf0000, 0x00000000fae00000)
   the space 41600K,   5% used [0x00000000d2350000, 0x00000000d25accb8, 0x00000000d25ace00, 0x00000000d4bf0000)
 compacting perm gen  total 21248K, used 12984K [0x00000000fae00000, 0x00000000fc2c0000, 0x0000000100000000)
   the space 21248K,  61% used [0x00000000fae00000, 0x00000000fbaae180, 0x00000000fbaae200, 0x00000000fc2c0000)
No shared spaces configured.
Event: 4.783 GC heap after
Heap after GC invocations=2 (full 0):
 def new generation   total 18752K, used 2048K [0x00000000bde00000, 0x00000000bf250000, 0x00000000d2350000)
  eden space 16704K,   0% used [0x00000000bde00000, 0x00000000bde00000, 0x00000000bee50000)
  from space 2048K, 100% used [0x00000000bee50000, 0x00000000bf050000, 0x00000000bf050000)
  to   space 2048K,   0% used [0x00000000bf050000, 0x00000000bf050000, 0x00000000bf250000)
 tenured generation   total 41600K, used 7201K [0x00000000d2350000, 0x00000000d4bf0000, 0x00000000fae00000)
   the space 41600K,  17% used [0x00000000d2350000, 0x00000000d2a58798, 0x00000000d2a58800, 0x00000000d4bf0000)
 compacting perm gen  total 21248K, used 12984K [0x00000000fae00000, 0x00000000fc2c0000, 0x0000000100000000)
   the space 21248K,  61% used [0x00000000fae00000, 0x00000000fbaae180, 0x00000000fbaae200, 0x00000000fc2c0000)
No shared spaces configured.
}
Event: 6.945 GC heap before
{Heap before GC invocations=2 (full 0):
 def new generation   total 18752K, used 18716K [0x00000000bde00000, 0x00000000bf250000, 0x00000000d2350000)
  eden space 16704K,  99% used [0x00000000bde00000, 0x00000000bee470c8, 0x00000000bee50000)
  from space 2048K, 100% used [0x00000000bee50000, 0x00000000bf050000, 0x00000000bf050000)
  to   space 2048K,   0% used [0x00000000bf050000, 0x00000000bf050000, 0x00000000bf250000)
 tenured generation   total 41600K, used 7201K [0x00000000d2350000, 0x00000000d4bf0000, 0x00000000fae00000)
   the space 41600K,  17% used [0x00000000d2350000, 0x00000000d2a58798, 0x00000000d2a58800, 0x00000000d4bf0000)
 compacting perm gen  total 21248K, used 14235K [0x00000000fae00000, 0x00000000fc2c0000, 0x0000000100000000)
   the space 21248K,  66% used [0x00000000fae00000, 0x00000000fbbe6fc0, 0x00000000fbbe7000, 0x00000000fc2c0000)
No shared spaces configured.
Event: 6.962 GC heap after
Heap after GC invocations=3 (full 0):
 def new generation   total 18752K, used 2048K [0x00000000bde00000, 0x00000000bf250000, 0x00000000d2350000)
  eden space 16704K,   0% used [0x00000000bde00000, 0x00000000bde00000, 0x00000000bee50000)
  from space 2048K, 100% used [0x00000000bf050000, 0x00000000bf250000, 0x00000000bf250000)
  to   space 2048K,   0% used [0x00000000bee50000, 0x00000000bee50000, 0x00000000bf050000)
 tenured generation   total 41600K, used 10539K [0x00000000d2350000, 0x00000000d4bf0000, 0x00000000fae00000)
   the space 41600K,  25% used [0x00000000d2350000, 0x00000000d2d9ada0, 0x00000000d2d9ae00, 0x00000000d4bf0000)
 compacting perm gen  total 21248K, used 14235K [0x00000000fae00000, 0x00000000fc2c0000, 0x0000000100000000)
   the space 21248K,  66% used [0x00000000fae00000, 0x00000000fbbe6fc0, 0x00000000fbbe7000, 0x00000000fc2c0000)
No shared spaces configured.
}
Event: 237.991 GC heap before
{Heap before GC invocations=3 (full 0):
 def new generation   total 18752K, used 18752K [0x00000000bde00000, 0x00000000bf250000, 0x00000000d2350000)
  eden space 16704K, 100% used [0x00000000bde00000, 0x00000000bee50000, 0x00000000bee50000)
  from space 2048K, 100% used [0x00000000bf050000, 0x00000000bf250000, 0x00000000bf250000)
  to   space 2048K,   0% used [0x00000000bee50000, 0x00000000bee50000, 0x00000000bf050000)
 tenured generation   total 41600K, used 10539K [0x00000000d2350000, 0x00000000d4bf0000, 0x00000000fae00000)
   the space 41600K,  25% used [0x00000000d2350000, 0x00000000d2d9ada0, 0x00000000d2d9ae00, 0x00000000d4bf0000)
 compacting perm gen  total 21248K, used 16564K [0x00000000fae00000, 0x00000000fc2c0000, 0x0000000100000000)
   the space 21248K,  77% used [0x00000000fae00000, 0x00000000fbe2d358, 0x00000000fbe2d400, 0x00000000fc2c0000)
No shared spaces configured.
Event: 238.013 GC heap after
Heap after GC invocations=4 (full 0):
 def new generation   total 18752K, used 2048K [0x00000000bde00000, 0x00000000bf250000, 0x00000000d2350000)
  eden space 16704K,   0% used [0x00000000bde00000, 0x00000000bde00000, 0x00000000bee50000)
  from space 2048K, 100% used [0x00000000bee50000, 0x00000000bf050000, 0x00000000bf050000)
  to   space 2048K,   0% used [0x00000000bf050000, 0x00000000bf050000, 0x00000000bf250000)
 tenured generation   total 41600K, used 16023K [0x00000000d2350000, 0x00000000d4bf0000, 0x00000000fae00000)
   the space 41600K,  38% used [0x00000000d2350000, 0x00000000d32f5ce0, 0x00000000d32f5e00, 0x00000000d4bf0000)
 compacting perm gen  total 21248K, used 16564K [0x00000000fae00000, 0x00000000fc2c0000, 0x0000000100000000)
   the space 21248K,  77% used [0x00000000fae00000, 0x00000000fbe2d358, 0x00000000fbe2d400, 0x00000000fc2c0000)
No shared spaces configured.
}

