# JRE version: Java(TM) SE Runtime Environment (7.0_80-b15) (build 1.7.0_80-b15)
# Java VM: Java HotSpot(TM) 64-Bit Server VM (24.80-b11 mixed mode windows-amd64 compressed oops)
Heap
 def new generation   total 18752K, used 2366K [0x00000000bde00000, 0x00000000bf250000, 0x00000000d2350000)
  eden space 16704K,   8% used [0x00000000bde00000, 0x00000000bdf686a8, 0x00000000bee50000)
  from space 2048K,  45% used [0x00000000bee50000, 0x00000000bef37220, 0x00000000bf050000)
  to   space 2048K,   0% used [0x00000000bf050000, 0x00000000bf050000, 0x00000000bf250000)
 tenured generation   total 41600K, used 19126K [0x00000000d2350000, 0x00000000d4bf0000, 0x00000000fae00000)
   the space 41600K,  45% used [0x00000000d2350000, 0x00000000d35fdb08, 0x00000000d35fdc00, 0x00000000d4bf0000)
 compacting perm gen  total 21248K, used 17065K [0x00000000fae00000, 0x00000000fc2c0000, 0x0000000100000000)
   the space 21248K,  80% used [0x00000000fae00000, 0x00000000fbeaa4e0, 0x00000000fbeaa600, 0x00000000fc2c0000)
GC Heap History (10 events):
Event: 4469.451 GC heap before
{Heap before GC invocations=7 (full 0):
 def new generation   total 18752K, used 17789K [0x00000000bde00000, 0x00000000bf250000, 0x00000000d2350000)
  eden space 16704K, 100% used [0x00000000bde00000, 0x00000000bee50000, 0x00000000bee50000)
  from space 2048K,  53% used [0x00000000bf050000, 0x00000000bf15f738, 0x00000000bf250000)
  to   space 2048K,   0% used [0x00000000bee50000, 0x00000000bee50000, 0x00000000bf050000)
 tenured generation   total 41600K, used 17984K [0x00000000d2350000, 0x00000000d4bf0000, 0x00000000fae00000)
   the space 41600K,  43% used [0x00000000d2350000, 0x00000000d34e03b8, 0x00000000d34e0400, 0x00000000d4bf0000)
 compacting perm gen  total 21248K, used 16812K [0x00000000fae00000, 0x00000000fc2c0000, 0x0000000100000000)
   the space 21248K,  79% used [0x00000000fae00000, 0x00000000fbe6b0f8, 0x00000000fbe6b200, 0x00000000fc2c0000)
No shared spaces configured.
Event: 4469.459 GC heap after
Heap after GC invocations=8 (full 0):
 def new generation   total 18752K, used 1210K [0x00000000bde00000, 0x00000000bf250000, 0x00000000d2350000)
  eden space 16704K,   0% used [0x00000000bde00000, 0x00000000bde00000, 0x00000000bee50000)
  from space 2048K,  59% used [0x00000000bee50000, 0x00000000bef7e988, 0x00000000bf050000)
  to   space 2048K,   0% used [0x00000000bf050000, 0x00000000bf050000, 0x00000000bf250000)
 tenured generation   total 41600K, used 18236K [0x00000000d2350000, 0x00000000d4bf0000, 0x00000000fae00000)
   the space 41600K,  43% used [0x00000000d2350000, 0x00000000d351f3e8, 0x00000000d351f400, 0x00000000d4bf0000)
 compacting perm gen  total 21248K, used 16812K [0x00000000fae00000, 0x00000000fc2c0000, 0x0000000100000000)
   the space 21248K,  79% used [0x00000000fae00000, 0x00000000fbe6b0f8, 0x00000000fbe6b200, 0x00000000fc2c0000)
No shared spaces configured.
}
Event: 5072.531 GC heap before
{Heap before GC invocations=8 (full 0):
 def new generation   total 18752K, used 17914K [0x00000000bde00000, 0x00000000bf250000, 0x00000000d2350000)
  eden space 16704K, 100% used [0x00000000bde00000, 0x00000000bee50000, 0x00000000bee50000)
  from space 2048K,  59% used [0x00000000bee50000, 0x00000000bef7e988, 0x00000000bf050000)
  to   space 2048K,   0% used [0x00000000bf050000, 0x00000000bf050000, 0x00000000bf250000)
 tenured generation   total 41600K, used 18236K [0x00000000d2350000, 0x00000000d4bf0000, 0x00000000fae00000)
   the space 41600K,  43% used [0x00000000d2350000, 0x00000000d351f3e8, 0x00000000d351f400, 0x00000000d4bf0000)
 compacting perm gen  total 21248K, used 16913K [0x00000000fae00000, 0x00000000fc2c0000, 0x0000000100000000)
   the space 21248K,  79% used [0x00000000fae00000, 0x00000000fbe845f0, 0x00000000fbe84600, 0x00000000fc2c0000)
No shared spaces configured.
Event: 5072.538 GC heap after
Heap after GC invocations=9 (full 0):
 def new generation   total 18752K, used 1224K [0x00000000bde00000, 0x00000000bf250000, 0x00000000d2350000)
  eden space 16704K,   0% used [0x00000000bde00000, 0x00000000bde00000, 0x00000000bee50000)
  from space 2048K,  59% used [0x00000000bf050000, 0x00000000bf1820d0, 0x00000000bf250000)
  to   space 2048K,   0% used [0x00000000bee50000, 0x00000000bee50000, 0x00000000bf050000)
 tenured generation   total 41600K, used 18594K [0x00000000d2350000, 0x00000000d4bf0000, 0x00000000fae00000)
   the space 41600K,  44% used [0x00000000d2350000, 0x00000000d3578960, 0x00000000d3578a00, 0x00000000d4bf0000)
 compacting perm gen  total 21248K, used 16913K [0x00000000fae00000, 0x00000000fc2c0000, 0x0000000100000000)
   the space 21248K,  79% used [0x00000000fae00000, 0x00000000fbe845f0, 0x00000000fbe84600, 0x00000000fc2c0000)
No shared spaces configured.
}
Event: 5207.869 GC heap before
{Heap before GC invocations=9 (full 0):
 def new generation   total 18752K, used 17928K [0x00000000bde00000, 0x00000000bf250000, 0x00000000d2350000)
  eden space 16704K, 100% used [0x00000000bde00000, 0x00000000bee50000, 0x00000000bee50000)
  from space 2048K,  59% used [0x00000000bf050000, 0x00000000bf1820d0, 0x00000000bf250000)
  to   space 2048K,   0% used [0x00000000bee50000, 0x00000000bee50000, 0x00000000bf050000)
 tenured generation   total 41600K, used 18594K [0x00000000d2350000, 0x00000000d4bf0000, 0x00000000fae00000)
   the space 41600K,  44% used [0x00000000d2350000, 0x00000000d3578960, 0x00000000d3578a00, 0x00000000d4bf0000)
 compacting perm gen  total 21248K, used 16959K [0x00000000fae00000, 0x00000000fc2c0000, 0x0000000100000000)
   the space 21248K,  79% used [0x00000000fae00000, 0x00000000fbe8fc98, 0x00000000fbe8fe00, 0x00000000fc2c0000)
No shared spaces configured.
Event: 5207.874 GC heap after
Heap after GC invocations=10 (full 0):
 def new generation   total 18752K, used 1098K [0x00000000bde00000, 0x00000000bf250000, 0x00000000d2350000)
  eden space 16704K,   0% used [0x00000000bde00000, 0x00000000bde00000, 0x00000000bee50000)
  from space 2048K,  53% used [0x00000000bee50000, 0x00000000bef62938, 0x00000000bf050000)
  to   space 2048K,   0% used [0x00000000bf050000, 0x00000000bf050000, 0x00000000bf250000)
 tenured generation   total 41600K, used 18805K [0x00000000d2350000, 0x00000000d4bf0000, 0x00000000fae00000)
   the space 41600K,  45% used [0x00000000d2350000, 0x00000000d35ad4b0, 0x00000000d35ad600, 0x00000000d4bf0000)
 compacting perm gen  total 21248K, used 16959K [0x00000000fae00000, 0x00000000fc2c0000, 0x0000000100000000)
   the space 21248K,  79% used [0x00000000fae00000, 0x00000000fbe8fc98, 0x00000000fbe8fe00, 0x00000000fc2c0000)
No shared spaces configured.
}
Event: 5914.953 GC heap before
{Heap before GC invocations=10 (full 0):
 def new generation   total 18752K, used 17802K [0x00000000bde00000, 0x00000000bf250000, 0x00000000d2350000)
  eden space 16704K, 100% used [0x00000000bde00000, 0x00000000bee50000, 0x00000000bee50000)
  from space 2048K,  53% used [0x00000000bee50000, 0x00000000bef62938, 0x00000000bf050000)
  to   space 2048K,   0% used [0x00000000bf050000, 0x00000000bf050000, 0x00000000bf250000)
 tenured generation   total 41600K, used 18805K [0x00000000d2350000, 0x00000000d4bf0000, 0x00000000fae00000)
   the space 41600K,  45% used [0x00000000d2350000, 0x00000000d35ad4b0, 0x00000000d35ad600, 0x00000000d4bf0000)
 compacting perm gen  total 21248K, used 17017K [0x00000000fae00000, 0x00000000fc2c0000, 0x0000000100000000)
   the space 21248K,  80% used [0x00000000fae00000, 0x00000000fbe9e4c8, 0x00000000fbe9e600, 0x00000000fc2c0000)
No shared spaces configured.
Event: 5914.958 GC heap after
Heap after GC invocations=11 (full 0):
 def new generation   total 18752K, used 1026K [0x00000000bde00000, 0x00000000bf250000, 0x00000000d2350000)
  eden space 16704K,   0% used [0x00000000bde00000, 0x00000000bde00000, 0x00000000bee50000)
  from space 2048K,  50% used [0x00000000bf050000, 0x00000000bf150ab0, 0x00000000bf250000)
  to   space 2048K,   0% used [0x00000000bee50000, 0x00000000bee50000, 0x00000000bf050000)
 tenured generation   total 41600K, used 19035K [0x00000000d2350000, 0x00000000d4bf0000, 0x00000000fae00000)
   the space 41600K,  45% used [0x00000000d2350000, 0x00000000d35e6c48, 0x00000000d35e6e00, 0x00000000d4bf0000)
 compacting perm gen  total 21248K, used 17017K [0x00000000fae00000, 0x00000000fc2c0000, 0x0000000100000000)
   the space 21248K,  80% used [0x00000000fae00000, 0x00000000fbe9e4c8, 0x00000000fbe9e600, 0x00000000fc2c0000)
No shared spaces configured.
}
Event: 6196.854 GC heap before
{Heap before GC invocations=11 (full 0):
 def new generation   total 18752K, used 17730K [0x00000000bde00000, 0x00000000bf250000, 0x00000000d2350000)
  eden space 16704K, 100% used [0x00000000bde00000, 0x00000000bee50000, 0x00000000bee50000)
  from space 2048K,  50% used [0x00000000bf050000, 0x00000000bf150ab0, 0x00000000bf250000)
  to   space 2048K,   0% used [0x00000000bee50000, 0x00000000bee50000, 0x00000000bf050000)
 tenured generation   total 41600K, used 19035K [0x00000000d2350000, 0x00000000d4bf0000, 0x00000000fae00000)
   the space 41600K,  45% used [0x00000000d2350000, 0x00000000d35e6c48, 0x00000000d35e6e00, 0x00000000d4bf0000)
 compacting perm gen  total 21248K, used 17041K [0x00000000fae00000, 0x00000000fc2c0000, 0x0000000100000000)
   the space 21248K,  80% used [0x00000000fae00000, 0x00000000fbea4770, 0x00000000fbea4800, 0x00000000fc2c0000)
No shared spaces configured.
Event: 6196.859 GC heap after
Heap after GC invocations=12 (full 0):
 def new generation   total 18752K, used 924K [0x00000000bde00000, 0x00000000bf250000, 0x00000000d2350000)
  eden space 16704K,   0% used [0x00000000bde00000, 0x00000000bde00000, 0x00000000bee50000)
  from space 2048K,  45% used [0x00000000bee50000, 0x00000000bef37220, 0x00000000bf050000)
  to   space 2048K,   0% used [0x00000000bf050000, 0x00000000bf050000, 0x00000000bf250000)
 tenured generation   total 41600K, used 19126K [0x00000000d2350000, 0x00000000d4bf0000, 0x00000000fae00000)
   the space 41600K,  45% used [0x00000000d2350000, 0x00000000d35fdb08, 0x00000000d35fdc00, 0x00000000d4bf0000)
 compacting perm gen  total 21248K, used 17041K [0x00000000fae00000, 0x00000000fc2c0000, 0x0000000100000000)
   the space 21248K,  80% used [0x00000000fae00000, 0x00000000fbea4770, 0x00000000fbea4800, 0x00000000fc2c0000)
No shared spaces configured.
}

